[1583683301.709][INFO]: Starting ChromeDriver 81.0.4044.20 (f006328e39a9769596eb506c8841c3004b24e747-refs/branch-heads/4044@{#244}) on port 5401
[1583683301.709][INFO]: Please protect ports used by ChromeDriver and related test frameworks to prevent access by malicious code.
[1583683302.518][INFO]: [f496a68e0ee0a0c10ef2114566f7d903] COMMAND InitSession {
   "capabilities": {
      "firstMatch": [ {
         "browserName": "chrome",
         "goog:chromeOptions": {
            "args": [ "start-maximized", "user-data-dir=C:\\Users\\LiarZishan\\AppData\\Local\\Chromium\\User Data", "--profile-directory=Profile 1" ],
            "excludeSwitches": [ "enable-automation" ],
            "extensions": [  ]
         }
      } ]
   },
   "desiredCapabilities": {
      "browserName": "chrome",
      "goog:chromeOptions": {
         "args": [ "start-maximized", "user-data-dir=C:\\Users\\LiarZishan\\AppData\\Local\\Chromium\\User Data", "--profile-directory=Profile 1" ],
         "excludeSwitches": [ "enable-automation" ],
         "extensions": [  ]
      }
   }
}
[1583683302.522][INFO]: Populating Preferences file: {
   "account_id_migration_state": 2,
   "account_tracker_service_last_update": "13228060379541923",
   "announcement_notification_service_first_run_time": "13227518656889475",
   "autocomplete": {
      "retention_policy_last_version": 82
   },
   "autofill": {
      "last_version_validated": 82,
      "orphan_rows_removed": true
   },
   "browser": {
      "default_browser_infobar_last_declined": "13227518798938781",
      "has_seen_welcome_page": false,
      "should_reset_check_default_browser": false,
      "window_placement": {
         "bottom": 738,
         "left": 30,
         "maximized": true,
         "right": 1080,
         "top": 30,
         "work_area_bottom": 728,
         "work_area_left": 0,
         "work_area_right": 1366,
         "work_area_top": 0
      }
   },
   "countryid_at_install": 21843,
   "data_reduction": {
      "daily_original_length": [ "0", "0", "0", "0", "0", "0", "0", "0", "0", "0", "0", "0", "0", "0", "0", "0", "0", "0", "0", "0", "0", "0", "0", "0", "0", "0", "0", "0", "0", "0", "0", "0", "0", "0", "0", "0", "0", "0", "0", "0", "0", "0", "0", "0", "0", "0", "0", "0", "0", "0", "0", "0", "730746", "0", "612153", "0", "0", "0", "200043", "575826" ],
      "daily_received_length": [ "0", "0", "0", "0", "0", "0", "0", "0", "0", "0", "0", "0", "0", "0", "0", "0", "0", "0", "0", "0", "0", "0", "0", "0", "0", "0", "0", "0", "0", "0", "0", "0", "0", "0", "0", "0", "0", "0", "0", "0", "0", "0", "0", "0", "0", "0", "0", "0", "0", "0", "0", "0", "730746", "0", "612153", "0", "0", "0", "200043", "575826" ],
      "last_update_date": "13228077600000000",
      "last_week_services_downstream_background_kb": {

      },
      "last_week_services_downstream_foreground_kb": {
         "107267424": 1,
         "112189210": 21,
         "125522256": 1,
         "137116619": 2,
         "25921771": 19,
         "26302604": 1,
         "35473769": 0,
         "35565745": 5,
         "47815025": 0,
         "49601082": 4,
         "50464499": 3,
         "54845618": 109,
         "6019475": 765,
         "67052219": 0,
         "78917933": 360,
         "82509217": 0,
         "88863520": 0,
         "95682324": 3
      },
      "last_week_user_traffic_contenttype_downstream_kb": {

      },
      "network_properties": {

      },
      "this_week_number": 2618,
      "this_week_services_downstream_background_kb": {

      },
      "this_week_services_downstream_foreground_kb": {
         "137116619": 2,
         "26302604": 1,
         "35473769": 93,
         "35565745": 6,
         "47815025": 3,
         "49601082": 2,
         "50464499": 1,
         "51164680": 11,
         "54845618": 9,
         "6019475": 306,
         "67052219": 0,
         "78917933": 320,
         "82509217": 0,
         "95682324": 3
      },
      "this_week_user_traffic_contenttype_downstream_kb": {

      }
   },
   "default_apps_install_state": 3,
   "domain_diversity": {
      "last_reporting_timestamp": "13228145073972763"
   },
   "download": {
      "directory_upgrade": true
   },
   "extensions": {
      "alerts": {
         "initialized": true
      },
      "chrome_url_overrides": {

      },
      "commands": {

      },
      "install_signature": {
         "expire_date": "2020-05-26",
         "ids": [ "ngpampappnmepgilojfohadhhmbhlaek" ],
         "invalid_ids": [  ],
         "salt": "OGPGlMSfGXIOSW0MryNGZDAnlbrZTXQ7VdvBjtumqOw=",
         "signature": "JVcxZf59NkF8GnDPsbLNJ56b5ZtANvHtJQzGvMoitCVUWhSj6OsQiE23qNTgGGac8Um4C8KFdtPu3kp1We60/ITbxMwNRaR6nk5+JpxNPkF+n7S2FJAVVm72SSt5DLd+OYNFjw1Q2G1ld/a4GHyNMToryA7JJJhX07Lng0d+A9m6LlUkhk6Yio7TlWsaoii/imZ0hN3WN9zdfTG1mAIIpt3C1kZHXLQnLnvsb5gKdBMQF1tZLwNZVNv6l92tugih0f7xXv2gfawDs86zegnDgqakvyBLNlJk/TT8Tu0CxcwfJ0CWREZzo71IJl5j2sWrrtCCD3vIKmYR/mZ2FYyWag==",
         "signature_format_version": 2,
         "timestamp": "13227723948090760"
      },
      "last_chrome_version": "82.0.4075.0",
      "toolbar": [  ],
      "ui": {
         "developer_mode": false
      }
   },
   "gaia_cookie": {
      "changed_time": 1583045062.32994,
      "hash": "2jmj7l5rSw0yVb/vlWAYkK/YBwk=",
      "last_list_accounts_data": "[\"gaia.l.a.r\",[]\n]\n"
   },
   "gcm": {
      "product_category_for_subtypes": "org.chromium.windows"
   },
   "google": {
      "services": {
         "signin_scoped_device_id": "128a7cbb-03c7-4687-860d-9b200c1b992a"
      }
   },
   "http_original_content_length": "2118768",
   "http_received_content_length": "2118768",
   "invalidation": {
      "per_sender_topics_to_handler": {
         "1013309121859": {

         },
         "8181035976": {

         }
      }
   },
   "language_model_counters": {
      "bn": 2,
      "en": 11
   },
   "media": {
      "device_id_salt": "0FF3393905092316CBF1CBD27D2578AE",
      "engagement": {
         "schema_version": 4
      }
   },
   "media_router": {
      "receiver_id_hash_token": "YcfiAFPHnKwmEma2Hejq+VUNyrh32dS5VHbn49zbUpeurSR44DYDGe57enfAPB3mm9VzGTpWK94uYlC0iMz1xA=="
   },
   "ntp": {
      "custom_background_local_to_device": false,
      "num_personal_suggestions": 4
   },
   "plugins": {
      "plugins_list": [  ]
   },
   "previews": {
      "litepage": {
         "user-needs-notification": false
      },
      "offline_helper": {
         "available_pages": {

         }
      }
   },
   "profile": {
      "avatar_bubble_tutorial_shown": 2,
      "avatar_index": 26,
      "content_settings": {
         "exceptions": {
            "accessibility_events": {

            },
            "app_banner": {

            },
            "ar": {

            },
            "auto_select_certificate": {

            },
            "automatic_downloads": {

            },
            "autoplay": {

            },
            "background_sync": {

            },
            "bluetooth_chooser_data": {

            },
            "bluetooth_guard": {

            },
            "bluetooth_scanning": {

            },
            "client_hints": {
               "https://web.facebook.com:443,*": {
                  "last_modified": "13227726305882543",
                  "setting": {
                     "client_hints": [ 3 ],
                     "expiration_time": 1588091105.882526
                  }
               },
               "https://www.google.com:443,*": {
                  "last_modified": "13227723048394975",
                  "setting": {
                     "client_hints": [ 1 ],
                     "expiration_time": 1585841448.394962
                  }
               }
            },
            "clipboard": {

            },
            "cookies": {

            },
            "durable_storage": {

            },
            "flash_data": {

            },
            "geolocation": {

            },
            "hid_chooser_data": {

            },
            "hid_guard": {

            },
            "images": {

            },
            "important_site_info": {

            },
            "installed_web_app_metadata": {

            },
            "intent_picker_auto_display": {

            },
            "javascript": {

            },
            "legacy_cookie_access": {

            },
            "media_engagement": {
               "https://chrome.google.com:443,*": {
                  "last_modified": "13227723954298332",
                  "setting": {
                     "hasHighScore": false,
                     "lastMediaPlaybackTime": 0.0,
                     "mediaPlaybacks": 0,
                     "visits": 3
                  }
               },
               "https://free.facebook.com:443,*": {
                  "last_modified": "13227723749639802",
                  "setting": {
                     "hasHighScore": false,
                     "lastMediaPlaybackTime": 0.0,
                     "mediaPlaybacks": 0,
                     "visits": 2
                  }
               },
               "https://m.facebook.com:443,*": {
                  "last_modified": "13227726294519490",
                  "setting": {
                     "hasHighScore": false,
                     "lastMediaPlaybackTime": 0.0,
                     "mediaPlaybacks": 0,
                     "visits": 3
                  }
               },
               "https://web.facebook.com:443,*": {
                  "last_modified": "13227726540257446",
                  "setting": {
                     "hasHighScore": false,
                     "lastMediaPlaybackTime": 0.0,
                     "mediaPlaybacks": 0,
                     "visits": 3
                  }
               },
               "https://www.chromium.org:443,*": {
                  "last_modified": "13227518866530073",
                  "setting": {
                     "hasHighScore": false,
                     "lastMediaPlaybackTime": 0.0,
                     "mediaPlaybacks": 0,
                     "visits": 1
                  }
               },
               "https://www.google.com:443,*": {
                  "last_modified": "13227723095564117",
                  "setting": {
                     "hasHighScore": false,
                     "lastMediaPlaybackTime": 0.0,
                     "mediaPlaybacks": 0,
                     "visits": 1
                  }
               }
            },
            "media_stream_camera": {

            },
            "media_stream_mic": {

            },
            "midi_sysex": {

            },
            "mixed_script": {

            },
            "native_file_system_read_guard": {

            },
            "native_file_system_write_guard": {

            },
            "nfc": {

            },
            "notifications": {

            },
            "password_protection": {

            },
            "payment_handler": {

            },
            "permission_autoblocking_data": {

            },
            "plugins": {

            },
            "popups": {

            },
            "ppapi_broker": {

            },
            "protocol_handler": {

            },
            "safe_browsing_url_check_data": {

            },
            "sensors": {

            },
            "serial_chooser_data": {

            },
            "serial_guard": {

            },
            "site_engagement": {
               "https://chrome.google.com:443,*": {
                  "last_modified": "13228145071970547",
                  "setting": {
                     "lastEngagementTime": 1.3228113410990302e+16,
                     "lastShortcutLaunchTime": 0.0,
                     "pointsAddedToday": 12.299999999999995,
                     "rawScore": 11.523979329257466
                  }
               },
               "https://free.facebook.com:443,*": {
                  "last_modified": "13228145071970434",
                  "setting": {
                     "lastEngagementTime": 1.322811302155865e+16,
                     "lastShortcutLaunchTime": 0.0,
                     "pointsAddedToday": 4.2,
                     "rawScore": 4.2
                  }
               },
               "https://m.facebook.com:443,*": {
                  "last_modified": "13228145071970486",
                  "setting": {
                     "lastEngagementTime": 1.3228116018731682e+16,
                     "lastShortcutLaunchTime": 0.0,
                     "pointsAddedToday": 6.6,
                     "rawScore": 6.6
                  }
               },
               "https://web.facebook.com:443,*": {
                  "last_modified": "13228145071970516",
                  "setting": {
                     "lastEngagementTime": 1.3228116271970372e+16,
                     "lastShortcutLaunchTime": 0.0,
                     "pointsAddedToday": 15.0,
                     "rawScore": 15.0
                  }
               },
               "https://www.chromium.org:443,*": {
                  "last_modified": "13228145071970641",
                  "setting": {
                     "lastEngagementTime": 1.3228072957365006e+16,
                     "lastShortcutLaunchTime": 0.0,
                     "pointsAddedToday": 2.7,
                     "rawScore": 2.7
                  }
               },
               "https://www.google.com:443,*": {
                  "last_modified": "13228145071970591",
                  "setting": {
                     "lastEngagementTime": 1.3228112783327318e+16,
                     "lastShortcutLaunchTime": 0.0,
                     "pointsAddedToday": 3.0,
                     "rawScore": 3.0
                  }
               }
            },
            "sound": {

            },
            "ssl_cert_decisions": {

            },
            "storage_access": {

            },
            "subresource_filter": {

            },
            "subresource_filter_data": {

            },
            "usb_chooser_data": {

            },
            "usb_guard": {

            },
            "vr": {

            }
         },
         "pref_version": 1
      },
      "created_by_version": "82.0.4075.0",
      "exit_type": "Normal",
      "exited_cleanly": true,
      "icon_version": 6,
      "last_engagement_time": "13228116271970373",
      "last_time_obsolete_http_credentials_removed": 1583045116.889372,
      "managed_user_id": "",
      "name": "Person 1",
      "password_manager_onboarding_state": 1
   },
   "signin": {
      "DiceMigrationComplete": true,
      "allowed": true
   },
   "spellcheck": {
      "dictionaries": [ "en-US" ],
      "dictionary": ""
   },
   "translate_site_blacklist_with_time": {

   },
   "unified_consent": {
      "migration_state": 10
   },
   "updateclientdata": {
      "apps": {
         "jmbmjnojfkcohdpkpjmeeijckfbebbon": {
            "cohort": "",
            "cohortname": "",
            "dlrc": 4810,
            "pf": "fdd451af-7fb7-4d60-a162-925d4c806218"
         },
         "ngpampappnmepgilojfohadhhmbhlaek": {
            "cohort": "",
            "cohortname": "",
            "dlrc": 4815,
            "fp": "1.7ad319e9f674b1fbe03ebd78efe7505766a0d62481403601208068c9ec934826",
            "pf": "1859287f-eb66-440e-b556-0ffae786afbb",
            "pv": "6.36.5"
         }
      }
   },
   "web_apps": {
      "system_web_app_last_installed_language": "en-US",
      "system_web_app_last_update": "82.0.4075.0"
   }
}
[1583683302.524][INFO]: Populating Local State file: {
   "background_mode": {
      "enabled": false
   },
   "browser": {
      "last_redirect_origin": ""
   },
   "hardware_acceleration_mode": {
      "enabled": false
   },
   "hardware_acceleration_mode_previous": false,
   "intl": {
      "app_locale": "en"
   },
   "legacy": {
      "profile": {
         "name": {
            "migrated": true
         }
      }
   },
   "os_crypt": {
      "encrypted_key": "RFBBUEkBAAAA0Iyd3wEV0RGMegDAT8KX6wEAAADUN1LKXCGZSIC7FZwIdMyzAAAAAAIAAAAAABBmAAAAAQAAIAAAAP9Ay1QKiooe1YfDUbchdrydh7MiTRruu6Tn4Z0tpXp6AAAAAA6AAAAAAgAAIAAAAHhvLPo7Wk9dAF7DwJxkLN2nrMawHSyC/094kZydTOcdMAAAAAHsm6++gXoYLc+Htq3A85839O67uuG1cA7kLSkG6YF/Tl0t/UIX67GhxRWiVD7ZpUAAAAAi7k7/oqu4sfQc7b5kdh90wtPcR/DU9+3+3LbS/oDjhFVtcpMMz3qYTZta46PKeBll5250If3Qbd7+FJBTCgrg"
   },
   "password_manager": {
      "os_password_blank": false,
      "os_password_last_changed": "13202389527273542"
   },
   "plugins": {
      "metadata": {
         "adobe-flash-player": {
            "displayurl": true,
            "group_name_matcher": "*Shockwave Flash*",
            "help_url": "https://support.google.com/chrome/?p=plugin_flash",
            "lang": "en-US",
            "mime_types": [ "application/futuresplash", "application/x-shockwave-flash" ],
            "name": "Adobe Flash Player",
            "url": "https://support.google.com/chrome/answer/6258784",
            "versions": [ {
               "reference": "https://helpx.adobe.com/security/products/flash-player/apsb17-32.html",
               "status": "requires_authorization",
               "version": "27.0.0.170"
            } ]
         },
         "adobe-reader": {
            "displayurl": true,
            "group_name_matcher": "*Adobe Acrobat*",
            "help_url": "https://support.google.com/chrome/?p=plugin_pdf",
            "lang": "en-US",
            "mime_types": [ "application/pdf", "application/vnd.adobe.x-mars", "application/vnd.adobe.xdp+xml", "application/vnd.adobe.xfd+xml", "application/vnd.adobe.xfdf", "application/vnd.fdf" ],
            "name": "Adobe Reader",
            "url": "https://get.adobe.com/reader/",
            "versions": [ {
               "reference": "https://helpx.adobe.com/security/products/reader/apsb14-28.html",
               "status": "requires_authorization",
               "version": "10.1.13"
            }, {
               "status": "out_of_date",
               "version": "11"
            }, {
               "reference": "https://helpx.adobe.com/security/products/reader/apsb14-28.html",
               "status": "requires_authorization",
               "version": "11.0.10"
            } ]
         },
         "adobe-shockwave": {
            "group_name_matcher": "*Shockwave for Director*",
            "help_url": "https://support.google.com/chrome/?p=plugin_shockwave",
            "lang": "en-US",
            "mime_types": [ "application/x-director" ],
            "name": "Adobe Shockwave Player",
            "url": "http://fpdownload.macromedia.com/get/shockwave/default/english/win95nt/latest/Shockwave_Installer_Slim.exe",
            "versions": [ {
               "reference": "https://helpx.adobe.com/security/products/shockwave/apsb14-10.html",
               "status": "requires_authorization",
               "version": "12.1.0.150"
            } ]
         },
         "apple-quicktime": {
            "group_name_matcher": "*QuickTime Plug-in*",
            "help_url": "https://support.google.com/chrome/?p=plugin_quicktime",
            "lang": "en-US",
            "mime_types": [ "application/sdp", "application/x-mpeg", "application/x-rtsp", "application/x-sdp", "audio/3ggp", "audio/3ggp2", "audio/aac", "audio/ac3", "audio/aiff", "audio/amr", "audio/basic", "audio/mid", "audio/midi", "audio/mp4", "audio/mpeg", "audio/vnd.qcelp", "audio/wav", "audio/x-aac", "audio/x-ac3", "audio/x-aiff", "audio/x-caf", "audio/x-gsm", "audio/x-m4a", "audio/x-m4b", "audio/x-m4p", "audio/x-midi", "audio/x-mpeg", "audio/x-wav", "image/jp2", "image/jpeg2000", "image/jpeg2000-image", "image/pict", "image/png", "image/x-jpeg2000-image", "image/x-macpaint", "image/x-pict", "image/x-png", "image/x-quicktime", "image/x-sgi", "image/x-targa", "video/3ggp", "video/3ggp2", "video/flc", "video/mp4", "video/mpeg", "video/quicktime", "video/sd-video", "video/x-m4v", "video/x-mpeg" ],
            "name": "QuickTime Player",
            "url": "http://appldnld.apple.com/QuickTime/041-3089.20111026.Sxpr4/QuickTimeInstaller.exe",
            "versions": [ {
               "reference": "http://support.apple.com/kb/HT203092",
               "status": "requires_authorization",
               "version": "7.7.6"
            } ]
         },
         "chromium-pdf": {
            "group_name_matcher": "*Chromium PDF Viewer*",
            "mime_types": [  ],
            "name": "Chromium PDF Viewer",
            "versions": [ {
               "comment": "Chromium PDF Viewer has no version information.",
               "status": "fully_trusted",
               "version": "0"
            } ]
         },
         "chromium-pdf-plugin": {
            "group_name_matcher": "*Chromium PDF Plugin*",
            "mime_types": [  ],
            "name": "Chromium PDF Plugin",
            "versions": [ {
               "comment": "Chromium PDF Plugin has no version information.",
               "status": "fully_trusted",
               "version": "0"
            } ]
         },
         "divx-player": {
            "group_name_matcher": "*DivX Web Player*",
            "help_url": "https://support.google.com/chrome/?p=plugin_divx",
            "lang": "en-US",
            "mime_types": [ "video/divx", "video/x-matroska" ],
            "name": "DivX Web Player",
            "url": "http://download.divx.com/player/divxdotcom/DivXWebPlayerInstaller.exe",
            "versions": [ {
               "status": "requires_authorization",
               "version": "1.4.3.4"
            } ]
         },
         "facebook-video-calling": {
            "group_name_matcher": "*Facebook Video*",
            "lang": "en-US",
            "mime_types": [ "application/skypesdk-plugin" ],
            "name": "Facebook Video Calling",
            "url": "https://www.facebook.com/chat/video/videocalldownload.php",
            "versions": [ {
               "comment": "We do not track version information for the Facebook Video Calling Plugin.",
               "status": "requires_authorization",
               "version": "0"
            } ]
         },
         "google-chrome-pdf": {
            "group_name_matcher": "*Chrome PDF Viewer*",
            "mime_types": [  ],
            "name": "Chrome PDF Viewer",
            "versions": [ {
               "comment": "Google Chrome PDF Viewer has no version information.",
               "status": "fully_trusted",
               "version": "0"
            } ]
         },
         "google-chrome-pdf-plugin": {
            "group_name_matcher": "*Chrome PDF Plugin*",
            "mime_types": [  ],
            "name": "Chrome PDF Plugin",
            "versions": [ {
               "comment": "Google Chrome PDF Plugin has no version information.",
               "status": "fully_trusted",
               "version": "0"
            } ]
         },
         "google-earth": {
            "group_name_matcher": "*Google Earth*",
            "lang": "en-US",
            "mime_types": [ "application/geplugin" ],
            "name": "Google Earth",
            "url": "http://www.google.com/earth/explore/products/plugin.html",
            "versions": [ {
               "comment": "We do not track version information for the Google Earth Plugin.",
               "status": "requires_authorization",
               "version": "0"
            } ]
         },
         "google-talk": {
            "group_name_matcher": "*Google Talk*",
            "mime_types": [  ],
            "name": "Google Talk",
            "versions": [ {
               "comment": "'Google Talk Plugin' and 'Google Talk Plugin Video Accelerator' use two completely different versioning schemes, so we can't define a minimum version.",
               "status": "requires_authorization",
               "version": "0"
            } ]
         },
         "google-update": {
            "group_name_matcher": "Google Update",
            "mime-types": [  ],
            "name": "Google Update",
            "versions": [ {
               "comment": "Google Update plugin is versioned but kept automatically up to date",
               "status": "requires_authorization",
               "version": "0"
            } ]
         },
         "ibm-java-runtime-environment": {
            "group_name_matcher": "*IBM*Java*",
            "mime_types": [ "application/x-java-applet", "application/x-java-applet;jpi-version=1.7.0_05", "application/x-java-applet;version=1.1", "application/x-java-applet;version=1.1.1", "application/x-java-applet;version=1.1.2", "application/x-java-applet;version=1.1.3", "application/x-java-applet;version=1.2", "application/x-java-applet;version=1.2.1", "application/x-java-applet;version=1.2.2", "application/x-java-applet;version=1.3", "application/x-java-applet;version=1.3.1", "application/x-java-applet;version=1.4", "application/x-java-applet;version=1.4.1", "application/x-java-applet;version=1.4.2", "application/x-java-applet;version=1.5", "application/x-java-applet;version=1.6", "application/x-java-applet;version=1.7", "application/x-java-bean", "application/x-java-bean;jpi-version=1.7.0_05", "application/x-java-bean;version=1.1", "application/x-java-bean;version=1.1.1", "application/x-java-bean;version=1.1.2", "application/x-java-bean;version=1.1.3", "application/x-java-bean;version=1.2", "application/x-java-bean;version=1.2.1", "application/x-java-bean;version=1.2.2", "application/x-java-bean;version=1.3", "application/x-java-bean;version=1.3.1", "application/x-java-bean;version=1.4", "application/x-java-bean;version=1.4.1", "application/x-java-bean;version=1.4.2", "application/x-java-bean;version=1.5", "application/x-java-bean;version=1.6", "application/x-java-bean;version=1.7", "application/x-java-vm", "application/x-java-vm-npruntime" ],
            "name": "IBM Java",
            "versions": [  ]
         },
         "java-runtime-environment": {
            "displayurl": true,
            "group_name_matcher": "Java*",
            "help_url": "https://support.google.com/chrome/?p=plugin_java",
            "lang": "en-US",
            "mime_types": [ "application/x-java-applet", "application/x-java-applet;jpi-version=1.7.0_05", "application/x-java-applet;version=1.1", "application/x-java-applet;version=1.1.1", "application/x-java-applet;version=1.1.2", "application/x-java-applet;version=1.1.3", "application/x-java-applet;version=1.2", "application/x-java-applet;version=1.2.1", "application/x-java-applet;version=1.2.2", "application/x-java-applet;version=1.3", "application/x-java-applet;version=1.3.1", "application/x-java-applet;version=1.4", "application/x-java-applet;version=1.4.1", "application/x-java-applet;version=1.4.2", "application/x-java-applet;version=1.5", "application/x-java-applet;version=1.6", "application/x-java-applet;version=1.7", "application/x-java-bean", "application/x-java-bean;jpi-version=1.7.0_05", "application/x-java-bean;version=1.1", "application/x-java-bean;version=1.1.1", "application/x-java-bean;version=1.1.2", "application/x-java-bean;version=1.1.3", "application/x-java-bean;version=1.2", "application/x-java-bean;version=1.2.1", "application/x-java-bean;version=1.2.2", "application/x-java-bean;version=1.3", "application/x-java-bean;version=1.3.1", "application/x-java-bean;version=1.4", "application/x-java-bean;version=1.4.1", "application/x-java-bean;version=1.4.2", "application/x-java-bean;version=1.5", "application/x-java-bean;version=1.6", "application/x-java-bean;version=1.7", "application/x-java-vm", "application/x-java-vm-npruntime" ],
            "name": "Java(TM)",
            "url": "http://java.com/download",
            "versions": [ {
               "comment": "Java SE 7u45",
               "status": "requires_authorization",
               "version": "10.45"
            } ]
         },
         "microsoft-office": {
            "group_name_matcher": "*Microsoft Office*",
            "mime_types": [  ],
            "name": "Microsoft Office",
            "versions": [ {
               "comment": "Microsoft Office has no version information.",
               "status": "requires_authorization",
               "version": "0"
            } ]
         },
         "nvidia-3d": {
            "group_name_matcher": "*NVIDIA 3D*",
            "mime_types": [  ],
            "name": "NVIDIA 3D",
            "versions": [ {
               "comment": "NVidia 3D has no version information.",
               "status": "requires_authorization",
               "version": "0"
            } ]
         },
         "realplayer": {
            "group_name_matcher": "*RealPlayer*",
            "help_url": "https://support.google.com/chrome/?p=plugin_real",
            "lang": "en-US",
            "mime_types": [ "audio/vnd.rn-realaudio", "video/vnd.rn-realvideo", "audio/x-pn-realaudio-plugin", "audio/x-pn-realaudio" ],
            "name": "RealPlayer",
            "url": "http://forms.real.com/real/realone/download.html?type=rpsp_us",
            "versions": [ {
               "reference": "http://service.real.com/realplayer/security/02062012_player/en/",
               "status": "requires_authorization",
               "version": "15.0.2.71"
            } ]
         },
         "silverlight": {
            "group_name_matcher": "*Silverlight*",
            "lang": "en-US",
            "mime_types": [ "application/x-silverlight", "application/x-silverlight-2" ],
            "name": "Silverlight",
            "url": "http://go.microsoft.com/fwlink/?LinkID=149156",
            "versions": [ {
               "reference": "https://support.microsoft.com/kb/3056819",
               "status": "requires_authorization",
               "version": "5.1.40416.0"
            } ]
         },
         "windows-media-player": {
            "displayurl": true,
            "group_name_matcher": "*Windows Media Player*",
            "help_url": "https://support.google.com/chrome/?p=plugin_wmp",
            "lang": "en-US",
            "mime_types": [  ],
            "name": "Windows Media Player",
            "url": "http://www.interoperabilitybridges.com/wmp-extension-for-chrome"
         },
         "x-version": 40
      },
      "resource_cache_update": "1583671618.220226"
   },
   "policy": {
      "last_statistics_update": "13228149216282958"
   },
   "profile": {
      "info_cache": {
         "Default": {
            "active_time": 1583671470.055518,
            "avatar_icon": "chrome://theme/IDR_PROFILE_AVATAR_26",
            "background_apps": false,
            "gaia_given_name": "",
            "gaia_id": "",
            "gaia_name": "",
            "is_consented_primary_account": false,
            "is_ephemeral": false,
            "is_omitted_from_profile_list": false,
            "is_using_default_avatar": true,
            "is_using_default_name": true,
            "local_auth_credentials": "",
            "managed_user_id": "",
            "metrics_bucket_index": 1,
            "name": "Person 1",
            "shortcut_name": "Person 1",
            "user_name": ""
         },
         "Profile 1": {
            "active_time": 1583681668.141106,
            "avatar_icon": "chrome://theme/IDR_PROFILE_AVATAR_44",
            "background_apps": false,
            "gaia_given_name": "",
            "gaia_id": "",
            "gaia_name": "",
            "is_consented_primary_account": false,
            "is_ephemeral": false,
            "is_omitted_from_profile_list": false,
            "is_using_default_avatar": true,
            "is_using_default_name": false,
            "local_auth_credentials": "",
            "managed_user_id": "",
            "metrics_bucket_index": 2,
            "name": "Selenium",
            "shortcut_name": "Selenium",
            "user_name": ""
         }
      },
      "last_active_profiles": [ "Profile 1" ],
      "last_used": "Profile 1",
      "metrics": {
         "next_bucket_index": 3
      },
      "profiles_created": 2
   },
   "profile_network_context_service": {
      "http_cache_finch_experiment_groups": "Enabled Enabled Enabled"
   },
   "rappor": {
      "cohort_seed": 467,
      "secret": "0XpeEiKzczUIpWiTNIYCnixPuqsIkWyFIhB/7S/be6TfyBGhf654IZmw7ivgSUT3"
   },
   "shutdown": {
      "num_processes": 0,
      "num_processes_slow": 0,
      "type": 0
   },
   "subresource_filter": {
      "ruleset_version": {
         "checksum": 318751814,
         "content": "9.11.0",
         "format": 27
      }
   },
   "tab_stats": {
      "last_daily_sample": "13228149216475401",
      "max_tabs_per_window": 1,
      "total_tab_count_max": 1,
      "window_count_max": 1
   },
   "ukm": {
      "persisted_logs": [  ]
   },
   "uninstall_metrics": {
      "installation_date2": "1583045056",
      "launch_count": "15",
      "page_load_count": "96"
   },
   "updateclientdata": {
      "apps": {
         "bklopemakmnopmghhmccadeonafabnal": {
            "cohort": "1:swl:",
            "cohorthint": "Auto",
            "cohortname": "Auto",
            "dlrc": 4815,
            "fp": "1.6dce22b9a11fa1e62b22559c4a157ce745e7fc63c6c6941a82cf11e8ecf65b0e",
            "pf": "f4fec4ef-34a5-4170-a782-da8362bb102b",
            "pv": "3"
         },
         "copjbmjbojbakpaedmpkhmiplmmehfck": {
            "cohort": "1:p1x:",
            "cohorthint": "Auto",
            "cohortname": "Auto",
            "dlrc": 4815,
            "fp": "1.207921137eee9c0831e0bd890330986c10dfd9382034491b82de3f86ae6915f7",
            "pf": "50b501a7-52df-4219-86ea-745c61da2ae7",
            "pv": "2018.9.6.0"
         },
         "gcmjkmgdlgnkkcocmoeiminaijmmjnii": {
            "cohort": "1:bm1:",
            "cohorthint": "M54ToM99",
            "cohortname": "M54ToM99",
            "dlrc": 4815,
            "fp": "1.715c48ce73b7ee71924470b10e920a4e23cd6f9c860f367d00feaff0d03eb52f",
            "pf": "1a142708-2979-49cf-8020-543d1a8c9dbf",
            "pv": "9.11.0"
         },
         "ggkkehgbnfjpeggfpleeakpidbkibbmn": {
            "cohort": "1:ut9:",
            "cohorthint": "M80ToM89",
            "cohortname": "M80ToM89",
            "dlrc": 4815,
            "fp": "1.b1f3c285be4dc98e8a50c942beb5927f24c7163ac6c1b24e26902f4bd79bc20e",
            "pf": "d8b7b32d-d94d-4b9a-8d2f-2e8d0dfbc595",
            "pv": "2020.3.2.1202"
         },
         "giekcmmlnklenlaomppkphknjmnnpneh": {
            "cohort": "1:j5l:",
            "cohorthint": "Auto",
            "cohortname": "Auto",
            "dlrc": 4815,
            "fp": "1.fd515ec0dc30d25a09641b8b83729234bc50f4511e35ce17d24fd996252eaace",
            "pf": "3a05a7a2-9eb2-4043-9bc1-fc2281f7b778",
            "pv": "7"
         },
         "hfnkpimlhhgieaddgfemjhofmfblmnib": {
            "cohort": "1:jcl:",
            "cohorthint": "Auto",
            "cohortname": "Auto",
            "dlrc": 4815,
            "fp": "1.f50b3f55d2dddf0a75e2e90a46edb84d08e612597369283d960ce1695693da63",
            "pf": "8577b48f-87a0-49e8-a2cf-6f5d78d13b45",
            "pv": "5737"
         },
         "hnimpnehoodheedghdeeijklkeaacbdc": {
            "cohort": "",
            "cohortname": "",
            "dlrc": 4815,
            "fp": "1.6f6bc93dcd62dc251850d2ff458fda96083ceb7fbe8eeb11248b8485ef2aea23",
            "pf": "159cf4ef-511b-4494-ac20-d200925a8b6c",
            "pv": "0.57.44.2492"
         },
         "jflookgnkcckhobaglndicnbbgbonegd": {
            "cohort": "1:s7x:",
            "cohorthint": "Auto",
            "cohortname": "Auto",
            "dlrc": 4815,
            "fp": "1.2973d45c751a78bac5150fcb0176e6bf9ff81aebc34d6180345b59a2d97295df",
            "pf": "9775652b-fdea-4a9d-8434-508b607bdad0",
            "pv": "318"
         },
         "khaoiebndkojlmppeemjhbpbandiljpe": {
            "cohort": "1:cux:",
            "cohorthint": "Auto",
            "cohortname": "Auto",
            "dlrc": 4815,
            "fp": "1.5cb8df53fe2b86bf838ea2c9ffc3d5ef8460f679a779ac8aa924b5afffd052cb",
            "pf": "ac7fb0e4-b7bd-4766-bd63-6be7d44400c6",
            "pv": "42"
         },
         "llkgjffcdpffmhiakmfcdcblohccpfmo": {
            "dlrc": 4815,
            "pf": "c1148833-70b5-481d-b792-982b7567b8ae"
         },
         "obedbbhbpmojnkanicioggnmelmoomoc": {
            "cohort": "1:s6f:",
            "cohorthint": "Auto",
            "cohortname": "Auto",
            "dlrc": 4815,
            "fp": "1.8b5b53eb094334cc9feed350027b3f76260c0d4f48793d5bd1be39bd0acb0d64",
            "pf": "05040c13-d4bd-4a4c-80be-bb2167ed2631",
            "pv": "20191123.283178609"
         }
      }
   },
   "user_experience_metrics": {
      "low_entropy_source3": 5952,
      "machine_id": 1537984,
      "session_id": 14,
      "stability": {
         "breakpad_registration_fail": 0,
         "breakpad_registration_ok": 0,
         "browser_last_live_timestamp": "13228156762890216",
         "child_process_crash_count": 0,
         "crash_count": 4,
         "debugger_not_present": 15,
         "debugger_present": 0,
         "deferred_count": 0,
         "discard_count": 1,
         "exited_cleanly": false,
         "extension_renderer_crash_count": 0,
         "extension_renderer_failed_launch_count": 0,
         "extension_renderer_launch_count": 16,
         "gpu_crash_count": 0,
         "incomplete_session_end_count": 0,
         "launch_count": 15,
         "page_load_count": 96,
         "plugin_stats2": [ {
            "crashes": 0,
            "instances": 0,
            "launches": 1,
            "loading_errors": 0,
            "name": "Shockwave Flash"
         } ],
         "renderer_crash_count": 0,
         "renderer_failed_launch_count": 0,
         "renderer_hang_count": 0,
         "renderer_launch_count": 92,
         "session_end_completed": true,
         "stats_buildtime": "1580619600",
         "stats_version": "82.0.4075.0-64-devel",
         "system_crash_count": 0,
         "version_mismatch_count": 0
      }
   },
   "variations_crash_streak": 4,
   "was": {
      "restarted": false
   }
}
[1583683302.528][INFO]: Launching chrome: "C:\Users\LiarZishan\AppData\Local\Chromium\Application\chrome.exe" --disable-background-networking --disable-client-side-phishing-detection --disable-default-apps --disable-hang-monitor --disable-popup-blocking --disable-prompt-on-repost --disable-sync --enable-blink-features=ShadowDOMV0 --enable-logging --load-extension="C:\Users\LIARZI~1\AppData\Local\Temp\scoped_dir9884_990824592\internal" --log-level=0 --no-first-run --password-store=basic --profile-directory="Profile 1" --remote-debugging-port=0 --start-maximized --test-type=webdriver --use-mock-keychain --user-data-dir="C:\Users\LiarZishan\AppData\Local\Chromium\User Data"
[1583683303.120][WARNING]: This version of ChromeDriver has not been tested with Chrome version 82.
[1583683303.139][INFO]: resolved localhost to ["::1","127.0.0.1"]
[1583683305.151][INFO]: [f496a68e0ee0a0c10ef2114566f7d903] RESPONSE InitSession {
   "capabilities": {
      "acceptInsecureCerts": false,
      "browserName": "chrome",
      "browserVersion": "82.0.4075.0",
      "chrome": {
         "chromedriverVersion": "81.0.4044.20 (f006328e39a9769596eb506c8841c3004b24e747-refs/branch-heads/4044@{#244})",
         "userDataDir": "C:\\Users\\LiarZishan\\AppData\\Local\\Chromium\\User Data"
      },
      "goog:chromeOptions": {
         "debuggerAddress": "localhost:55996"
      },
      "networkConnectionEnabled": false,
      "pageLoadStrategy": "normal",
      "platformName": "windows",
      "proxy": {

      },
      "setWindowRect": true,
      "strictFileInteractability": false,
      "timeouts": {
         "implicit": 0,
         "pageLoad": 300000,
         "script": 30000
      },
      "unhandledPromptBehavior": "dismiss and notify",
      "webauthn:virtualAuthenticators": true
   },
   "sessionId": "f496a68e0ee0a0c10ef2114566f7d903"
}
[1583683305.250][INFO]: [f496a68e0ee0a0c10ef2114566f7d903] COMMAND Navigate {
   "url": "https://google.com"
}
[1583683305.250][INFO]: Waiting for pending navigations...
[1583683305.352][SEVERE]: Timed out receiving message from renderer: 0.100
[1583683305.454][SEVERE]: Timed out receiving message from renderer: 0.100
[1583683305.555][SEVERE]: Timed out receiving message from renderer: 0.100
[1583683305.656][SEVERE]: Timed out receiving message from renderer: 0.100
[1583683305.757][SEVERE]: Timed out receiving message from renderer: 0.100
[1583683305.858][SEVERE]: Timed out receiving message from renderer: 0.100
[1583683305.959][SEVERE]: Timed out receiving message from renderer: 0.100
[1583683306.060][SEVERE]: Timed out receiving message from renderer: 0.100
[1583683306.162][SEVERE]: Timed out receiving message from renderer: 0.100
[1583683306.263][SEVERE]: Timed out receiving message from renderer: 0.100
[1583683306.364][SEVERE]: Timed out receiving message from renderer: 0.100
[1583683306.447][INFO]: Done waiting for pending navigations. Status: disconnected: received Inspector.detached event
[1583683306.483][INFO]: [f496a68e0ee0a0c10ef2114566f7d903] RESPONSE Navigate
[1583683306.496][INFO]: [f496a68e0ee0a0c10ef2114566f7d903] COMMAND SetTimeouts {
   "implicit": 3000
}
[1583683306.496][INFO]: [f496a68e0ee0a0c10ef2114566f7d903] RESPONSE SetTimeouts
[1583683311.501][INFO]: [f496a68e0ee0a0c10ef2114566f7d903] COMMAND Quit {

}
[1583683311.542][INFO]: [f496a68e0ee0a0c10ef2114566f7d903] RESPONSE Quit
